754
3
3
3
3
3
3
3
1688
1638
1644
877
926
877
877
877
200
201
201
201
201
201
201
179
207
208
208
208
208
208
208
185
318
247
247
247
319
247
247
247
8
8
8
8
8
8
8
8
754
3
3
3
3
3
3
3
1674
1671
1671
904
912
912
912
912
200
201
201
201
201
201
201
179
207
208
208
208
208
208
208
185
286
287
287
287
287
287
287
287
8
8
8
8
8
8
8
8
754
3
3
3
3
3
3
3
1674
1675
1675
904
912
912
912
912
200
201
201
201
201
201
201
179
207
208
208
208
208
208
208
185
286
287
287
287
287
287
287
287
8
8
8
8
8
8
8
8
754
3
3
3
3
3
3
3
1674
1671
1671
904
912
912
912
912
200
201
201
201
201
201
201
179
207
208
208
208
208
208
208
185
286
287
287
287
287
287
287
287
8
8
8
8
8
8
8
8
754
3
3
3
3
3
3
3
1674
1671
1671
904
912
912
912
912
200
201
201
201
201
201
201
179
207
208
208
208
208
208
208
185
286
287
287
287
287
287
287
287
8
8
8
8
8
8
8
8
754
3
3
3
3
3
3
3
1674
1671
1671
904
912
912
912
912
200
201
201
201
201
201
201
179
207
208
208
208
208
208
208
185
286
287
287
287
287
287
287
287
8
8
8
8
8
8
8
8
754
3
3
3
3
3
3
3
1614
1613
1613
874
882
882
882
882
200
201
201
201
201
201
201
179
207
208
208
208
208
208
208
185
286
287
287
287
287
287
287
287
8
8
8
8
8
8
8
8
754
3
3
3
3
3
3
3
1614
1611
1611
874
882
882
882
882
200
201
201
201
201
201
201
179
207
208
208
208
208
208
208
185
286
287
287
287
287
287
287
287
8
8
8
8
8
8
8
8
754
3
3
3
3
3
3
3
1614
1611
1611
874
882
882
882
882
200
201
201
201
201
201
201
179
207
208
208
208
208
208
208
185
286
287
287
287
287
287
287
287
8
8
8
8
8
8
8
8
754
3
3
3
3
3
3
3
1614
1611
1611
874
882
882
882
882
200
201
201
201
201
201
201
179
207
208
208
208
208
208
208
185
286
287
287
287
287
287
287
287
8
8
8
8
8
8
8
8
754
3
3
3
3
3
3
3
1614
1611
1611
874
882
882
882
882
200
201
201
201
201
201
201
179
207
208
208
208
208
208
208
185
286
287
287
287
287
287
287
287
8
8
8
8
8
8
8
8
754
3
3
3
3
3
3
3
1674
1671
1671
904
912
912
912
912
200
201
201
201
201
201
201
179
207
208
208
208
208
208
208
185
286
287
287
287
287
287
287
287
8
8
8
8
8
8
8
8
754
3
3
3
3
3
3
3
1614
1611
1611
874
882
882
882
882
200
201
201
201
201
201
201
179
207
208
208
208
208
208
208
185
286
287
287
287
287
287
287
287
8
8
8
8
8
8
8
8
754
3
3
3
3
3
3
3
1614
1613
1613
874
882
882
882
882
200
201
201
201
201
201
201
179
207
208
208
208
208
208
208
185
286
287
287
287
287
287
287
287
8
8
8
8
8
8
8
8
754
3
3
3
3
3
3
3
1614
1611
1611
874
882
882
882
882
200
201
201
201
201
201
201
179
207
208
208
208
208
208
208
185
286
287
287
287
287
287
287
287
8
8
8
8
8
8
8
8
754
3
3
3
3
3
3
3
1614
1611
1611
874
882
882
882
882
200
201
201
201
201
201
201
179
207
208
208
208
208
208
208
185
286
287
287
287
287
287
287
287
8
8
8
8
8
8
8
8
754
3
3
3
3
3
3
3
1614
1611
1611
874
882
882
882
882
200
201
201
201
201
201
201
179
207
208
208
208
208
208
208
185
286
287
287
287
287
287
287
287
8
8
8
8
8
8
8
8
754
3
3
3
3
3
3
3
1625
1578
1581
844
893
844
844
844
200
201
201
201
201
201
201
179
207
208
208
208
208
208
208
185
318
247
247
247
319
247
247
247
8
8
8
8
8
8
8
8
754
3
3
3
3
3
3
3
1614
1611
1611
874
882
882
882
882
200
201
201
201
201
201
201
179
207
208
208
208
208
208
208
185
286
287
287
287
287
287
287
287
8
8
8
8
8
8
8
8
754
3
3
3
3
3
3
3
1614
1611
1611
874
882
882
882
882
200
201
201
201
201
201
201
179
207
208
208
208
208
208
208
185
286
287
287
287
287
287
287
287
8
8
8
8
8
8
8
8
754
3
3
3
3
3
3
3
1614
1613
1613
874
882
882
882
882
200
201
201
201
201
201
201
179
207
208
208
208
208
208
208
185
286
287
287
287
287
287
287
287
8
8
8
8
8
8
8
8
754
3
3
3
3
3
3
3
1625
1578
1581
844
893
844
844
844
200
201
201
201
201
201
201
179
207
208
208
208
208
208
208
185
318
247
247
247
319
247
247
247
8
8
8
8
8
8
8
8
754
3
3
3
3
3
3
3
1614
1611
1611
874
882
882
882
882
200
201
201
201
201
201
201
179
207
208
208
208
208
208
208
185
286
287
287
287
287
287
287
287
8
8
8
8
8
8
8
8
754
3
3
3
3
3
3
3
1614
1611
1611
874
882
882
882
882
200
201
201
201
201
201
201
179
207
208
208
208
208
208
208
185
286
287
287
287
287
287
287
287
8
8
8
8
8
8
8
8
754
3
3
3
3
3
3
3
1614
1611
1611
874
882
882
882
882
200
201
201
201
201
201
201
179
207
208
208
208
208
208
208
185
286
287
287
287
287
287
287
287
8
8
8
8
8
8
8
8
754
3
3
3
3
3
3
3
1614
1611
1611
874
882
882
882
882
200
201
201
201
201
201
201
179
207
208
208
208
208
208
208
185
286
287
287
287
287
287
287
287
8
8
8
8
8
8
8
8
754
3
3
3
3
3
3
3
1614
1611
1611
874
882
882
882
882
200
201
201
201
201
201
201
179
207
208
208
208
208
208
208
185
286
287
287
287
287
287
287
287
8
8
8
8
8
8
8
8
754
3
3
3
3
3
3
3
1625
1578
1581
844
893
844
844
844
200
201
201
201
201
201
201
179
207
208
208
208
208
208
208
185
318
247
247
247
319
247
247
247
8
8
8
8
8
8
8
8
754
3
3
3
3
3
3
3
1720
1719
1719
927
935
935
935
935
200
201
201
201
201
201
201
179
207
208
208
208
208
208
208
185
300
301
301
301
301
301
301
301
8
8
8
8
8
8
8
8
754
3
3
3
3
3
3
3
1720
1717
1717
927
935
935
935
935
200
201
201
201
201
201
201
179
207
208
208
208
208
208
208
185
300
301
301
301
301
301
301
301
8
8
8
8
8
8
8
8
754
3
3
3
3
3
3
3
1720
1717
1717
927
935
935
935
935
200
201
201
201
201
201
201
179
207
208
208
208
208
208
208
185
300
301
301
301
301
301
301
301
8
8
8
8
8
8
8
8
754
3
3
3
3
3
3
3
1720
1717
1717
927
935
935
935
935
200
201
201
201
201
201
201
179
207
208
208
208
208
208
208
185
300
301
301
301
301
301
301
301
8
8
8
8
8
8
8
8
754
3
3
3
3
3
3
3
1720
1717
1717
927
935
935
935
935
200
201
201
201
201
201
201
179
207
208
208
208
208
208
208
185
300
301
301
301
301
301
301
301
8
8
8
8
8
8
8
8
754
3
3
3
3
3
3
3
1720
1717
1717
927
935
935
935
935
200
201
201
201
201
201
201
179
207
208
208
208
208
208
208
185
300
301
301
301
301
301
301
301
8
8
8
8
8
8
8
8
754
3
3
3
3
3
3
3
1723
1676
1679
889
938
889
889
889
200
201
201
201
201
201
201
179
207
208
208
208
208
208
208
185
300
247
247
247
301
247
247
247
8
8
8
8
8
8
8
8
