12
32
32
32
32
32
32
32
32
32
32
32
32
32
32
32
1
31
31
31
31
31
31
31
31
31
31
31
31
31
31
31
9
10
48
48
48
48
48
48
48
48
48
48
48
48
48
48
1
2
50
50
50
50
50
50
50
50
50
50
50
50
50
50
9
10
10
66
66
66
66
66
66
66
66
66
66
66
66
66
1
2
2
69
69
69
69
69
69
69
69
69
69
69
69
69
9
10
10
10
84
84
84
84
84
84
84
84
84
84
84
84
1
2
2
2
88
88
88
88
88
88
88
88
88
88
88
88
9
10
10
10
10
102
102
102
102
102
102
102
102
102
102
102
1
2
2
2
2
107
107
107
107
107
107
107
107
107
107
107
9
10
10
10
10
10
120
120
120
120
120
120
120
120
120
120
1
2
2
2
2
2
126
126
126
126
126
126
126
126
126
126
9
10
10
10
10
10
10
138
138
138
138
138
138
138
138
138
1
2
2
2
2
2
2
145
145
145
145
145
145
145
145
145
9
10
10
10
10
10
10
10
156
156
156
156
156
156
156
156
1
2
2
2
2
2
2
2
164
164
164
164
164
164
164
164
9
10
10
10
10
10
10
10
10
174
174
174
174
174
174
174
1
2
2
2
2
2
2
2
2
183
183
183
183
183
183
183
9
10
10
10
10
10
10
10
10
10
192
192
192
192
192
192
1
2
2
2
2
2
2
2
2
2
202
202
202
202
202
202
9
10
10
10
10
10
10
10
10
10
10
210
210
210
210
210
1
2
2
2
2
2
2
2
2
2
2
221
221
221
221
221
9
10
10
10
10
10
10
10
10
10
10
10
228
228
228
228
1
2
2
2
2
2
2
2
2
2
2
2
240
240
240
240
9
10
10
10
10
10
10
10
10
10
10
10
10
246
246
246
1
2
2
2
2
2
2
2
2
2
2
2
2
259
259
259
9
10
10
10
10
10
10
10
10
10
10
10
10
10
264
264
1
2
2
2
2
2
2
2
2
2
2
2
2
2
278
278
9
10
10
10
10
10
10
10
10
10
10
10
10
10
10
282
1
2
2
2
2
2
2
2
2
2
2
2
2
2
2
297
9
10
10
10
10
10
10
10
10
10
10
10
10
10
10
10
1
2
2
2
2
2
2
2
2
2
2
2
2
2
2
2
6
6
6
6
6
6
6
6
6
6
6
6
6
6
6
6
